生成启动时间为 2017/3/10 16:12:17。
     1>项目“D:\学习资料\技术分享\DLL在LV .NET TS之间的相互调用\demo\C\DLL-Solution\demo1\demo1.vcxproj”在节点 2 上(Rebuild 个目标)。
     1>ClCompile:
         D:\Program Files\Microsoft Visual Studio 12.0\VC\bin\CL.exe /c /ZI /nologo /W3 /WX- /Od /Oy- /D WIN32 /D _DEBUG /D _WINDOWS /D _USRDLL /D DEMO1_EXPORTS /D _WINDLL /D _UNICODE /D UNICODE /Gm /EHsc /RTC1 /MTd /GS /fp:precise /Zc:wchar_t /Zc:forScope /Fo"Debug\\" /Fd"Debug\vc120.pdb" /Gd /TC /analyze- /errorReport:prompt main.c
         main.c
     1>d:\学习资料\技术分享\dll在lv .net ts之间的相互调用\demo\c\dll-solution\demo1\main.c(23): warning C4996: 'itoa': The POSIX name for this item is deprecated. Instead, use the ISO C++ conformant name: _itoa. See online help for details.
                 d:\program files\microsoft visual studio 12.0\vc\include\stdlib.h(937) : 参见“itoa”的声明
     1>d:\学习资料\技术分享\dll在lv .net ts之间的相互调用\demo\c\dll-solution\demo1\main.c(24): warning C4996: 'strcat': This function or variable may be unsafe. Consider using strcat_s instead. To disable deprecation, use _CRT_SECURE_NO_WARNINGS. See online help for details.
                 d:\program files\microsoft visual studio 12.0\vc\include\string.h(118) : 参见“strcat”的声明
     1>d:\学习资料\技术分享\dll在lv .net ts之间的相互调用\demo\c\dll-solution\demo1\main.c(25): warning C4996: 'strcat': This function or variable may be unsafe. Consider using strcat_s instead. To disable deprecation, use _CRT_SECURE_NO_WARNINGS. See online help for details.
                 d:\program files\microsoft visual studio 12.0\vc\include\string.h(118) : 参见“strcat”的声明
     1>d:\学习资料\技术分享\dll在lv .net ts之间的相互调用\demo\c\dll-solution\demo1\main.c(26): warning C4996: 'strcpy': This function or variable may be unsafe. Consider using strcpy_s instead. To disable deprecation, use _CRT_SECURE_NO_WARNINGS. See online help for details.
                 d:\program files\microsoft visual studio 12.0\vc\include\string.h(112) : 参见“strcpy”的声明
       Link:
         D:\Program Files\Microsoft Visual Studio 12.0\VC\bin\link.exe /ERRORREPORT:PROMPT /OUT:"D:\学习资料\技术分享\DLL在LV .NET TS之间的相互调用\demo\C\DLL-Solution\Debug\demo1.dll" /INCREMENTAL /NOLOGO kernel32.lib user32.lib gdi32.lib winspool.lib comdlg32.lib advapi32.lib shell32.lib ole32.lib oleaut32.lib uuid.lib odbc32.lib odbccp32.lib /MANIFEST /MANIFESTUAC:"level='asInvoker' uiAccess='false'" /manifest:embed /DEBUG /PDB:"D:\学习资料\技术分享\DLL在LV .NET TS之间的相互调用\demo\C\DLL-Solution\Debug\demo1.pdb" /SUBSYSTEM:WINDOWS /TLBID:1 /DYNAMICBASE /NXCOMPAT /IMPLIB:"D:\学习资料\技术分享\DLL在LV .NET TS之间的相互调用\demo\C\DLL-Solution\Debug\demo1.lib" /MACHINE:X86 /DLL Debug\main.obj
            正在创建库 D:\学习资料\技术分享\DLL在LV .NET TS之间的相互调用\demo\C\DLL-Solution\Debug\demo1.lib 和对象 D:\学习资料\技术分享\DLL在LV .NET TS之间的相互调用\demo\C\DLL-Solution\Debug\demo1.exp
         demo1.vcxproj -> D:\学习资料\技术分享\DLL在LV .NET TS之间的相互调用\demo\C\DLL-Solution\Debug\demo1.dll
     1>已完成生成项目“D:\学习资料\技术分享\DLL在LV .NET TS之间的相互调用\demo\C\DLL-Solution\demo1\demo1.vcxproj”(Rebuild 个目标)的操作。

生成成功。

已用时间 00:00:11.44
